e:\visualstudioprojects\cs2-cheat-internal\imgui directx 11 kiero hook\x64\release\vc143.pdb
e:\visualstudioprojects\cs2-cheat-internal\imgui directx 11 kiero hook\x64\release\main.obj
e:\visualstudioprojects\cs2-cheat-internal\imgui directx 11 kiero hook\x64\release\kiero.obj
e:\visualstudioprojects\cs2-cheat-internal\imgui directx 11 kiero hook\x64\release\imgui_widgets.obj
e:\visualstudioprojects\cs2-cheat-internal\imgui directx 11 kiero hook\x64\release\imgui_impl_win32.obj
e:\visualstudioprojects\cs2-cheat-internal\imgui directx 11 kiero hook\x64\release\imgui_impl_dx11.obj
e:\visualstudioprojects\cs2-cheat-internal\imgui directx 11 kiero hook\x64\release\imgui_draw.obj
e:\visualstudioprojects\cs2-cheat-internal\imgui directx 11 kiero hook\x64\release\imgui_demo.obj
e:\visualstudioprojects\cs2-cheat-internal\imgui directx 11 kiero hook\x64\release\imgui.obj
e:\visualstudioprojects\cs2-cheat-internal\imgui directx 11 kiero hook\x64\release\trampoline.obj
e:\visualstudioprojects\cs2-cheat-internal\imgui directx 11 kiero hook\x64\release\hook.obj
e:\visualstudioprojects\cs2-cheat-internal\imgui directx 11 kiero hook\x64\release\hde64.obj
e:\visualstudioprojects\cs2-cheat-internal\imgui directx 11 kiero hook\x64\release\hde32.obj
e:\visualstudioprojects\cs2-cheat-internal\imgui directx 11 kiero hook\x64\release\buffer.obj
e:\visualstudioprojects\cs2-cheat-internal\x64\release\imgui directx 11 kiero hook.dll
e:\visualstudioprojects\cs2-cheat-internal\imgui directx 11 kiero hook\x64\release\imgui directx 11 kiero hook.ipdb
e:\visualstudioprojects\cs2-cheat-internal\x64\release\imgui directx 11 kiero hook.pdb
e:\visualstudioprojects\cs2-cheat-internal\imgui directx 11 kiero hook\x64\release\imgui directx 11 kiero hook.iobj
e:\visualstudioprojects\cs2-cheat-internal\imgui directx 11 kiero hook\x64\release\minhook.res
e:\visualstudioprojects\cs2-cheat-internal\imgui directx 11 kiero hook\x64\release\imgui di.04b17470.tlog\cl.command.1.tlog
e:\visualstudioprojects\cs2-cheat-internal\imgui directx 11 kiero hook\x64\release\imgui di.04b17470.tlog\cl.items.tlog
e:\visualstudioprojects\cs2-cheat-internal\imgui directx 11 kiero hook\x64\release\imgui di.04b17470.tlog\cl.read.1.tlog
e:\visualstudioprojects\cs2-cheat-internal\imgui directx 11 kiero hook\x64\release\imgui di.04b17470.tlog\cl.write.1.tlog
e:\visualstudioprojects\cs2-cheat-internal\imgui directx 11 kiero hook\x64\release\imgui di.04b17470.tlog\link.command.1.tlog
e:\visualstudioprojects\cs2-cheat-internal\imgui directx 11 kiero hook\x64\release\imgui di.04b17470.tlog\link.read.1.tlog
e:\visualstudioprojects\cs2-cheat-internal\imgui directx 11 kiero hook\x64\release\imgui di.04b17470.tlog\link.write.1.tlog
e:\visualstudioprojects\cs2-cheat-internal\imgui directx 11 kiero hook\x64\release\imgui di.04b17470.tlog\rc.command.1.tlog
e:\visualstudioprojects\cs2-cheat-internal\imgui directx 11 kiero hook\x64\release\imgui di.04b17470.tlog\rc.read.1.tlog
e:\visualstudioprojects\cs2-cheat-internal\imgui directx 11 kiero hook\x64\release\imgui di.04b17470.tlog\rc.write.1.tlog
